<?xml version="1.0" encoding="UTF-8"?>
<!-- Generated by org.testng.reporters.JUnitReportReporter -->
<testsuite hostname="glady" failures="0" tests="3" name="org.sam.Browser" time="30.737" errors="0" timestamp="2024-10-25T10:29:16 IST" skipped="0">
  <testcase classname="org.sam.Browser" name="tc1" time="11.468"/>
  <system-out/>
  <testcase classname="org.sam.Browser" name="tc1" time="9.730"/>
  <system-out/>
  <testcase classname="org.sam.Browser" name="tc1" time="9.539"/>
  <system-out/>
</testsuite> <!-- org.sam.Browser -->
